Student Full Name
Student Number
1. Create a folder on the HDFS and name it after your student number: /tmp/<student_number>
Listing the contents of /tmp/ directory showing created 29052971 folder!
drwxr-xr-x   - pmuk0001 supergroup          0 2018-05-27 23:01 /tmp/29052971
-rw-r--r--   1 pmuk0001 supergroup         65 2018-05-27 23:01 /tmp/29052971/29052971.txt
drwxr-xr-x   - user     supergroup          0 2017-01-06 16:15 /tmp/airflightsdelays
-rw-r--r--   1 user     supergroup  121249243 2017-01-06 16:15 /tmp/airflightsdelays/flights_2007.csv.bz2
-rw-r--r--   1 user     supergroup  113753229 2017-01-06 16:15 /tmp/airflightsdelays/flights_2008.csv.bz2
drwxr-xr-x   - user     supergroup          0 2017-03-10 23:07 /tmp/hbase
-rw-r--r--   1 user     supergroup        108 2017-01-14 00:12 /tmp/hbase/hbase-sensor.csv
-rw-r--r--   1 user     supergroup         24 2017-01-14 03:41 /tmp/hbase/test.csv
-rw-r--r--   1 user     supergroup         59 2017-03-10 23:07 /tmp/hbase/test2.csv
drwxr-xr-x   - user     supergroup          0 2017-01-10 01:05 /tmp/misc-datasets
drwxr-xr-x   - user     supergroup          0 2018-01-03 15:25 /tmp/streaming
2. Listing all the files in the /tmp/29052971/ folder.
3. Transfer the above file to the HDFS folder that you just created (use absolute paths).
4. Print First 10 lines of the the transferred file 29052971.txt which is now stored on HDFS.
This
is 
a 
test
file
for 
the 
assessment 2
Thank
You

The End!

