Pushan Mukerjee
Student Number: 29052971
HBase Shell; enter 'help<RETURN>' for list of supported commands.
Type "exit<RETURN>" to leave the HBase Shell
Version 1.2.4, r67592f3d062743907f8c5ae00dbbe1ae4f69e5af, Tue Oct 25 18:10:20 CDT 2016

count 'insurance'
Current count: 1000, row: 123323
Current count: 2000, row: 148836
Current count: 3000, row: 173666
Current count: 4000, row: 198647
Current count: 5000, row: 221684
Current count: 6000, row: 245688
Current count: 7000, row: 270406
Current count: 8000, row: 294680
Current count: 9000, row: 319201
Current count: 10000, row: 343193
Current count: 11000, row: 368784
Current count: 12000, row: 394051
Current count: 13000, row: 417943
Current count: 14000, row: 441997
Current count: 15000, row: 465646
Current count: 16000, row: 490250
Current count: 17000, row: 515383
Current count: 18000, row: 540727
Current count: 19000, row: 565470
Current count: 20000, row: 589365
Current count: 21000, row: 613188
Current count: 22000, row: 637745
Current count: 23000, row: 662039
Current count: 24000, row: 687124
Current count: 25000, row: 712542
Current count: 26000, row: 737052
Current count: 27000, row: 761711
Current count: 28000, row: 786954
Current count: 29000, row: 813036
Current count: 30000, row: 838315
Current count: 31000, row: 862377
Current count: 32000, row: 885447
Current count: 33000, row: 908980
Current count: 34000, row: 933779
Current count: 35000, row: 958684
Current count: 36000, row: 984407
36634 row(s) in 2.5850 seconds

36634
HBase Shell; enter 'help<RETURN>' for list of supported commands.
Type "exit<RETURN>" to leave the HBase Shell
Version 1.2.4, r67592f3d062743907f8c5ae00dbbe1ae4f69e5af, Tue Oct 25 18:10:20 CDT 2016

deleteall 'insurance', 'policyID'
0 row(s) in 0.2570 seconds

